<?xml version="1.0" encoding="UTF-8"?>
<testsuite name="ru.stqa.pft.sandbox.PointTest" tests="1" skipped="0" failures="0" errors="0" timestamp="2019-05-12T19:30:15" hostname="Admin-ПК" time="0.001">
  <properties/>
  <testcase name="testCountDistance" classname="ru.stqa.pft.sandbox.PointTest" time="0.001"/>
  <system-out><![CDATA[]]></system-out>
  <system-err><![CDATA[]]></system-err>
</testsuite>
